\BOOKMARK [1][-]{section.1}{Reelle \046 Komplexe Zahlen}{}% 1
\BOOKMARK [2][-]{subsection.1.1}{Reelle Zahlen}{section.1}% 2
\BOOKMARK [1][-]{section.2}{Folgen}{}% 3
\BOOKMARK [2][-]{subsection.2.1}{Konvergenz}{section.2}% 4
\BOOKMARK [3][-]{subsubsection.2.1.1}{Teilfolge}{subsection.2.1}% 5
\BOOKMARK [3][-]{subsubsection.2.1.2}{Bolzano-Weierstrass}{subsection.2.1}% 6
\BOOKMARK [2][-]{subsection.2.2}{Strategie - Konvergenz von Folgen}{section.2}% 7
\BOOKMARK [2][-]{subsection.2.3}{Strategie - Divergenz von Folgen}{section.2}% 8
\BOOKMARK [2][-]{subsection.2.4}{Tricks f\374r Grenzwerte}{section.2}% 9
\BOOKMARK [3][-]{subsubsection.2.4.1}{Binome}{subsection.2.4}% 10
\BOOKMARK [3][-]{subsubsection.2.4.2}{Substitution}{subsection.2.4}% 11
\BOOKMARK [3][-]{subsubsection.2.4.3}{Induktive Folgen \(Induktionstrick\)}{subsection.2.4}% 12
\BOOKMARK [1][-]{section.3}{Reihen}{}% 13
\BOOKMARK [2][-]{subsubsection.3.0.1}{Reihenarithmetik}{section.3}% 14
\BOOKMARK [3][-]{subsubsection.3.0.2}{Geometrische Reihe}{subsubsection.3.0.1}% 15
\BOOKMARK [3][-]{subsubsection.3.0.3}{Zeta-Funktion}{subsubsection.3.0.1}% 16
\BOOKMARK [2][-]{subsection.3.1}{Absolute Konvergenz}{section.3}% 17
\BOOKMARK [2][-]{subsection.3.2}{Wichtige Reihen}{section.3}% 18
\BOOKMARK [2][-]{subsection.3.3}{Cauchy-Produkt}{section.3}% 19
\BOOKMARK [2][-]{subsection.3.4}{Strategie - Konvergenz von Reihen}{section.3}% 20
\BOOKMARK [1][-]{section.4}{Funktionen}{}% 21
\BOOKMARK [2][-]{subsection.4.1}{Stetigkeit}{section.4}% 22
\BOOKMARK [3][-]{subsubsection.4.1.1}{Kompaktes Intervall}{subsection.4.1}% 23
\BOOKMARK [2][-]{subsection.4.2}{Konvergenz}{section.4}% 24
\BOOKMARK [2][-]{subsection.4.3}{Potenzreihen}{section.4}% 25
\BOOKMARK [3][-]{subsubsection.4.3.1}{Definitionen per Potenzreihen}{subsection.4.3}% 26
\BOOKMARK [2][-]{subsection.4.4}{Grenzwerte von Funktionen}{section.4}% 27
\BOOKMARK [1][-]{section.5}{Ableitungen}{}% 28
\BOOKMARK [2][-]{subsection.5.1}{Differenzierbarkeit}{section.5}% 29
\BOOKMARK [2][-]{subsection.5.2}{Ableitungsregeln}{section.5}% 30
\BOOKMARK [2][-]{subsection.5.3}{Implikationen der Ableitung}{section.5}% 31
\BOOKMARK [2][-]{subsection.5.4}{S\344tze zur Ableitung}{section.5}% 32
\BOOKMARK [2][-]{subsection.5.5}{Taylorreihen}{section.5}% 33
\BOOKMARK [2][-]{subsection.5.6}{L\344nge einer Kurve}{section.5}% 34
\BOOKMARK [1][-]{section.6}{Integrale}{}% 35
\BOOKMARK [2][-]{subsection.6.1}{Riemann-Integral}{section.6}% 36
\BOOKMARK [2][-]{subsection.6.2}{Integrierbarkeit zeigen}{section.6}% 37
\BOOKMARK [2][-]{subsection.6.3}{S\344tze \046 Ungleichungen}{section.6}% 38
\BOOKMARK [2][-]{subsection.6.4}{Stammfunktionen}{section.6}% 39
\BOOKMARK [2][-]{subsection.6.5}{Integrationsregeln}{section.6}% 40
\BOOKMARK [2][-]{subsection.6.6}{Euler-McLaurin-Formel}{section.6}% 41
\BOOKMARK [2][-]{subsection.6.7}{Gamma-Funktion}{section.6}% 42
\BOOKMARK [2][-]{subsection.6.8}{Stirling'sche Formel}{section.6}% 43
\BOOKMARK [2][-]{subsection.6.9}{Uneigentliche Integrale}{section.6}% 44
\BOOKMARK [2][-]{subsection.6.10}{Unbestimmte Integrale}{section.6}% 45
\BOOKMARK [1][-]{section.7}{Trigonometrie}{}% 46
\BOOKMARK [2][-]{subsection.7.1}{Regeln}{section.7}% 47
\BOOKMARK [3][-]{subsubsection.7.1.1}{Periodizit\344t}{subsection.7.1}% 48
\BOOKMARK [3][-]{subsubsection.7.1.2}{Parit\344t}{subsection.7.1}% 49
\BOOKMARK [3][-]{subsubsection.7.1.3}{Erg\344nzung}{subsection.7.1}% 50
\BOOKMARK [3][-]{subsubsection.7.1.4}{Komplemente}{subsection.7.1}% 51
\BOOKMARK [3][-]{subsubsection.7.1.5}{Doppelwinkel}{subsection.7.1}% 52
\BOOKMARK [3][-]{subsubsection.7.1.6}{Addition}{subsection.7.1}% 53
\BOOKMARK [3][-]{subsubsection.7.1.7}{Subtraktion}{subsection.7.1}% 54
\BOOKMARK [3][-]{subsubsection.7.1.8}{Multiplikation}{subsection.7.1}% 55
\BOOKMARK [3][-]{subsubsection.7.1.9}{Potenzen}{subsection.7.1}% 56
\BOOKMARK [3][-]{subsubsection.7.1.10}{Diverse}{subsection.7.1}% 57
\BOOKMARK [1][-]{section.8}{Tabellen}{}% 58
\BOOKMARK [2][-]{subsection.8.1}{Grenzwerte}{section.8}% 59
\BOOKMARK [2][-]{subsection.8.2}{Ableitungen}{section.8}% 60
\BOOKMARK [2][-]{subsection.8.3}{Weitere Ableitungen}{section.8}% 61
\BOOKMARK [2][-]{subsection.8.4}{Integrale}{section.8}% 62
